lerna ERR! execute   stderr:
lerna ERR! execute    'npm WARN deprecated json3@3.3.2: Please use the native JSON object instead of JSON 3\nnpm WARN deprecated hoek@4.2.1: This version has been deprecated in accordance with the hapi support policy (hapi.im/support). Please upgrade to the latest version to get the best features, bug fixes, and security patches. If you are unable to upgrade at this time, paid support is available for older versions (hapi.im/commercial).\nnpm WARN deprecated grpc-web-client@0.7.0: This package has been deprecated in favor of @improbable-eng/grpc-web\nnpm WARN deprecated formatio@1.2.0: This package is unmaintained. Use @sinonjs/formatio instead\nnpm WARN deprecated samsam@1.3.0: This package has been deprecated in favour of @sinonjs/samsam\nnpm WARN deprecated text-encoding@0.6.4: no longer maintained\nnpm WARN deprecated core-js@2.3.0: core-js@<2.6.8 is no longer maintained. Please, upgrade to core-js@3 or at least to actual version of core-js@2.\nnpm WARN deprecated circular-json@0.3.3: CircularJSON is in maintenance only, flatted is its successor.\nnpm WARN deprecated hawk@6.0.2: This module moved to @hapi/hawk. Please make sure to switch over as this distribution is no longer supported and may contain bugs and critical security issues.\nnpm WARN deprecated cryptiles@3.1.4: This version has been deprecated in accordance with the hapi support policy (hapi.im/support). Please upgrade to the latest version to get the best features, bug fixes, and security patches. If you are unable to upgrade at this time, paid support is available for older versions (hapi.im/commercial).\nnpm WARN deprecated boom@4.3.1: This version has been deprecated in accordance with the hapi support policy (hapi.im/support). Please upgrade to the latest version to get the best features, bug fixes, and security patches. If you are unable to upgrade at this time, paid support is available for older versions (hapi.im/commercial).\nnpm WARN deprecated boom@5.2.0: This version has been deprecated in accordance with the hapi support policy (hapi.im/support). Please upgrade to the latest version to get the best features, bug fixes, and security patches. If you are unable to upgrade at this time, paid support is available for older versions (hapi.im/commercial).\nnpm WARN deprecated sntp@2.1.0: This module moved to @hapi/sntp. Please make sure to switch over as this distribution is no longer supported and may contain bugs and critical security issues.\n../src/addon.cc: In static member function ‘static Nan::NAN_METHOD_RETURN_TYPE KeccakWrapper::Initialize(Nan::NAN_METHOD_ARGS_TYPE)’:\n../src/addon.cc:37:47: warning: ‘int64_t v8::Value::IntegerValue() const’ is deprecated: Use maybe version [-Wdeprecated-declarations]\n     unsigned int rate = info[0]->IntegerValue();\n                                               ^\nIn file included from /home/admin/.node-gyp/10.16.3/include/node/v8.h:26:0,\n                 from /home/admin/.node-gyp/10.16.3/include/node/node.h:63,\n                 from ../src/addon.cc:1:\n/home/admin/.node-gyp/10.16.3/include/node/v8.h:2476:46: note: declared here\n   V8_DEPRECATED("Use maybe version", int64_t IntegerValue() const);\n                                              ^\n/home/admin/.node-gyp/10.16.3/include/node/v8config.h:324:3: note: in definition of macro ‘V8_DEPRECATED’\n   declarator __attribute__((deprecated(message)))\n   ^~~~~~~~~~\n../src/addon.cc:38:51: warning: ‘int64_t v8::Value::IntegerValue() const’ is deprecated: Use maybe version [-Wdeprecated-declarations]\n     unsigned int capacity = info[1]->IntegerValue();\n                                                   ^\nIn file included from /home/admin/.node-gyp/10.16.3/include/node/v8.h:26:0,\n                 from /home/admin/.node-gyp/10.16.3/include/node/node.h:63,\n                 from ../src/addon.cc:1:\n/home/admin/.node-gyp/10.16.3/include/node/v8.h:2476:46: note: declared here\n   V8_DEPRECATED("Use maybe version", int64_t IntegerValue() const);\n                                              ^\n/home/admin/.node-gyp/10.16.3/include/node/v8config.h:324:3: note: in definition of macro ‘V8_DEPRECATED’\n   declarator __attribute__((deprecated(message)))\n   ^~~~~~~~~~\n../src/addon.cc: In static member function ‘static Nan::NAN_METHOD_RETURN_TYPE KeccakWrapper::AbsorbLastFewBits(Nan::NAN_METHOD_ARGS_TYPE)’:\n../src/addon.cc:56:48: warning: ‘int64_t v8::Value::IntegerValue() const’ is deprecated: Use maybe version [-Wdeprecated-declarations]\n     unsigned char bits = info[0]->IntegerValue();\n                                                ^\nIn file included from /home/admin/.node-gyp/10.16.3/include/node/v8.h:26:0,\n                 from /home/admin/.node-gyp/10.16.3/include/node/node.h:63,\n                 from ../src/addon.cc:1:\n/home/admin/.node-gyp/10.16.3/include/node/v8.h:2476:46: note: declared here\n   V8_DEPRECATED("Use maybe version", int64_t IntegerValue() const);\n                                              ^\n/home/admin/.node-gyp/10.16.3/include/node/v8config.h:324:3: note: in definition of macro ‘V8_DEPRECATED’\n   declarator __attribute__((deprecated(message)))\n   ^~~~~~~~~~\n../src/addon.cc: In static member function ‘static Nan::NAN_METHOD_RETURN_TYPE KeccakWrapper::Squeeze(Nan::NAN_METHOD_ARGS_TYPE)’:\n../src/addon.cc:64:43: warning: ‘int64_t v8::Value::IntegerValue() const’ is deprecated: Use maybe version [-Wdeprecated-declarations]\n     size_t length = info[0]->IntegerValue();\n                                           ^\nIn file included from /home/admin/.node-gyp/10.16.3/include/node/v8.h:26:0,\n                 from /home/admin/.node-gyp/10.16.3/include/node/node.h:63,\n                 from ../src/addon.cc:1:\n/home/admin/.node-gyp/10.16.3/include/node/v8.h:2476:46: note: declared here\n   V8_DEPRECATED("Use maybe version", int64_t IntegerValue() const);\n                                              ^\n/home/admin/.node-gyp/10.16.3/include/node/v8config.h:324:3: note: in definition of macro ‘V8_DEPRECATED’\n   declarator __attribute__((deprecated(message)))\n   ^~~~~~~~~~\n../src/addon.cc: In static member function ‘static Nan::NAN_METHOD_RETURN_TYPE KeccakWrapper::Copy(Nan::NAN_METHOD_ARGS_TYPE)’:\n../src/addon.cc:75:82: warning: ‘v8::Local<v8::Object> v8::Value::ToObject() const’ is deprecated: Use maybe version [-Wdeprecated-declarations]\n     KeccakWrapper* to = Nan::ObjectWrap::Unwrap<KeccakWrapper>(info[0]->ToObject());\n                                                                                  ^\nIn file included from /home/admin/.node-gyp/10.16.3/include/node/node.h:63:0,\n                 from ../src/addon.cc:1:\n/home/admin/.node-gyp/10.16.3/include/node/v8.h:10046:15: note: declared here\n Local<Object> Value::ToObject() const {\n               ^~~~~\n../src/privatekey.cc: In function ‘Nan::NAN_METHOD_RETURN_TYPE privateKeyNegate(Nan::NAN_METHOD_ARGS_TYPE)’:\n../src/privatekey.cc:73:61: warning: ignoring return value of ‘int secp256k1_ec_privkey_negate(const secp256k1_context*, unsigned char*)’, declared with attribute warn_unused_result [-Wunused-result]\n   secp256k1_ec_privkey_negate(secp256k1ctx, &private_key[0]);\n                                                             ^\nnode-pre-gyp ERR! Tried to download(403): https://storage.googleapis.com/grpc-precompiled-binaries/node/grpc/v1.10.1/node-v64-linux-x64-glibc.tar.gz \nnode-pre-gyp ERR! Pre-built binaries not found for grpc@1.10.1 and node@10.16.3 (node-v64 ABI, glibc) (falling back to source compile with node-gyp) \nnode-pre-gyp ERR! Pre-built binaries not installable for grpc@1.10.1 and node@10.16.3 (node-v64 ABI, glibc) (falling back to source compile with node-gyp) \nnode-pre-gyp ERR! Hit error Connection closed while downloading tarball file \nrm: cannot remove \'./Release/.deps/Release/obj.target/grpc/deps/grpc/src/core/lib/http/format_request.o.d.raw\': No such file or directory\nmake: *** [Release/obj.target/grpc/deps/grpc/src/core/lib/http/format_request.o] Error 1\ngyp ERR! build error \ngyp ERR! stack Error: `make` failed with exit code: 2\ngyp ERR! stack     at ChildProcess.onExit (/usr/lib/node_modules/npm/node_modules/node-gyp/lib/build.js:262:23)\ngyp ERR! stack     at ChildProcess.emit (events.js:198:13)\ngyp ERR! stack     at Process.ChildProcess._handle.onexit (internal/child_process.js:248:12)\ngyp ERR! System Linux 4.9.0-9-amd64\ngyp ERR! command "/usr/bin/node" "/usr/lib/node_modules/npm/node_modules/node-gyp/bin/node-gyp.js" "build" "--fallback-to-build" "--library=static_library" "--module=/home/admin/caliper/node_modules/composer-connector-hlfv1/node_modules/grpc/src/node/extension_binary/node-v64-linux-x64-glibc/grpc_node.node" "--module_name=grpc_node" "--module_path=/home/admin/caliper/node_modules/composer-connector-hlfv1/node_modules/grpc/src/node/extension_binary/node-v64-linux-x64-glibc"\ngyp ERR! cwd /home/admin/caliper/node_modules/composer-connector-hlfv1/node_modules/grpc\ngyp ERR! node -v v10.16.3\ngyp ERR! node-gyp -v v3.8.0\ngyp ERR! not ok \nnode-pre-gyp ERR! build error \nnode-pre-gyp ERR! stack Error: Failed to execute \'/usr/bin/node /usr/lib/node_modules/npm/node_modules/node-gyp/bin/node-gyp.js build --fallback-to-build --library=static_library --module=/home/admin/caliper/node_modules/composer-connector-hlfv1/node_modules/grpc/src/node/extension_binary/node-v64-linux-x64-glibc/grpc_node.node --module_name=grpc_node --module_path=/home/admin/caliper/node_modules/composer-connector-hlfv1/node_modules/grpc/src/node/extension_binary/node-v64-linux-x64-glibc\' (1)\nnode-pre-gyp ERR! stack     at ChildProcess.<anonymous> (/home/admin/caliper/node_modules/composer-connector-hlfv1/node_modules/grpc/node_modules/node-pre-gyp/lib/util/compile.js:83:29)\nnode-pre-gyp ERR! stack     at ChildProcess.emit (events.js:198:13)\nnode-pre-gyp ERR! stack     at maybeClose (internal/child_process.js:982:16)\nnode-pre-gyp ERR! stack     at Process.ChildProcess._handle.onexit (internal/child_process.js:259:5)\nnode-pre-gyp ERR! System Linux 4.9.0-9-amd64\nnode-pre-gyp ERR! command "/usr/bin/node" "/home/admin/caliper/node_modules/composer-connector-hlfv1/node_modules/grpc/node_modules/.bin/node-pre-gyp" "install" "--fallback-to-build" "--library=static_library"\nnode-pre-gyp ERR! cwd /home/admin/caliper/node_modules/composer-connector-hlfv1/node_modules/grpc\nnode-pre-gyp ERR! node -v v10.16.3\nnode-pre-gyp ERR! node-pre-gyp -v v0.7.0\nnode-pre-gyp ERR! not ok \nIn file included from ../deps/grpc/src/core/lib/iomgr/call_combiner.cc:19:0:\n../deps/grpc/src/core/lib/iomgr/call_combiner.h:24:30: fatal error: grpc/support/atm.h: No such file or directory\n #include <grpc/support/atm.h>\n                              ^\ncompilation terminated.\nmake: *** [Release/obj.target/grpc/deps/grpc/src/core/lib/iomgr/call_combiner.o] Error 1\ngyp ERR! build error \ngyp ERR! stack Error: `make` failed with exit code: 2\ngyp ERR! stack     at ChildProcess.onExit (/usr/lib/node_modules/npm/node_modules/node-gyp/lib/build.js:262:23)\ngyp ERR! stack     at ChildProcess.emit (events.js:198:13)\ngyp ERR! stack     at Process.ChildProcess._handle.onexit (internal/child_process.js:248:12)\ngyp ERR! System Linux 4.9.0-9-amd64\ngyp ERR! command "/usr/bin/node" "/usr/lib/node_modules/npm/node_modules/node-gyp/bin/node-gyp.js" "build" "--fallback-to-build" "--library=static_library" "--module=/home/admin/caliper/node_modules/composer-connector-hlfv1/node_modules/grpc/src/node/extension_binary/node-v64-linux-x64-glibc/grpc_node.node" "--module_name=grpc_node" "--module_path=/home/admin/caliper/node_modules/composer-connector-hlfv1/node_modules/grpc/src/node/extension_binary/node-v64-linux-x64-glibc"\ngyp ERR! cwd /home/admin/caliper/node_modules/composer-connector-hlfv1/node_modules/grpc\ngyp ERR! node -v v10.16.3\ngyp ERR! node-gyp -v v3.8.0\ngyp ERR! not ok \nnpm WARN ajv-keywords@2.1.1 requires a peer of ajv@^5.0.0 but none is installed. You must install peer dependencies yourself.\nnpm WARN grpc-web-client@0.7.0 requires a peer of @types/google-protobuf@^3.2.5 but none is installed. You must install peer dependencies yourself.\nnpm WARN caliper No repository field.\nnpm WARN caliper No license field.\n\nnpm ERR! code ELIFECYCLE\nnpm ERR! errno 1\nnpm ERR! grpc@1.10.1 install: `node-pre-gyp install --fallback-to-build --library=static_library`\nnpm ERR! Exit status 1\nnpm ERR! \nnpm ERR! Failed at the grpc@1.10.1 install script.\nnpm ERR! This is probably not a problem with npm. There is likely additional logging output above.\n\nnpm ERR! A complete log of this run can be found in:\nnpm ERR!     /home/admin/.npm/_logs/2019-08-21T15_30_35_453Z-debug.log\n',
lerna ERR! execute   failed: true,
lerna ERR! execute   signal: null,
lerna ERR! execute   cmd: 'npm install',
lerna ERR! execute   timedOut: false }
npm ERR! code ELIFECYCLE
npm ERR! errno 1
npm ERR! caliper@0.1.0 bootstrap: `lerna bootstrap`
npm ERR! Exit status 1
npm ERR! 
npm ERR! Failed at the caliper@0.1.0 bootstrap script.
npm ERR! This is probably not a problem with npm. There is likely additional logging output above.

npm ERR! A complete log of this run can be found in:
npm ERR!     /home/admin/.npm/_logs/2019-08-21T15_30_35_699Z-debug.log