python3 setup.py install
running install
running bdist_egg
running egg_info
writing hfc.egg-info/PKG-INFO
writing dependency_links to hfc.egg-info/dependency_links.txt
writing requirements to hfc.egg-info/requires.txt
writing top-level names to hfc.egg-info/top_level.txt
reading manifest file 'hfc.egg-info/SOURCES.txt'
writing manifest file 'hfc.egg-info/SOURCES.txt'
installing library code to build/bdist.linux-x86_64/egg
running install_lib
running build_py
creating build/bdist.linux-x86_64/egg
creating build/bdist.linux-x86_64/egg/hfc
creating build/bdist.linux-x86_64/egg/hfc/util
creating build/bdist.linux-x86_64/egg/hfc/util/crypto
copying build/lib/hfc/util/crypto/__init__.py -> build/bdist.linux-x86_64/egg/hfc/util/crypto
copying build/lib/hfc/util/crypto/crypto.py -> build/bdist.linux-x86_64/egg/hfc/util/crypto
copying build/lib/hfc/util/keyvaluestore.py -> build/bdist.linux-x86_64/egg/hfc/util
copying build/lib/hfc/util/channel.py -> build/bdist.linux-x86_64/egg/hfc/util
copying build/lib/hfc/util/utils.py -> build/bdist.linux-x86_64/egg/hfc/util
copying build/lib/hfc/util/__init__.py -> build/bdist.linux-x86_64/egg/hfc/util
creating build/bdist.linux-x86_64/egg/hfc/fabric_ca
copying build/lib/hfc/fabric_ca/caservice.py -> build/bdist.linux-x86_64/egg/hfc/fabric_ca
copying build/lib/hfc/fabric_ca/__init__.py -> build/bdist.linux-x86_64/egg/hfc/fabric_ca
creating build/bdist.linux-x86_64/egg/hfc/protos
creating build/bdist.linux-x86_64/egg/hfc/protos/orderer
copying build/lib/hfc/protos/orderer/configuration_pb2.py -> build/bdist.linux-x86_64/egg/hfc/protos/orderer
copying build/lib/hfc/protos/orderer/configuration_pb2_grpc.py -> build/bdist.linux-x86_64/egg/hfc/protos/orderer
copying build/lib/hfc/protos/orderer/ab_pb2_grpc.py -> build/bdist.linux-x86_64/egg/hfc/protos/orderer
copying build/lib/hfc/protos/orderer/ab_pb2.py -> build/bdist.linux-x86_64/egg/hfc/protos/orderer
copying build/lib/hfc/protos/orderer/__init__.py -> build/bdist.linux-x86_64/egg/hfc/protos/orderer
creating build/bdist.linux-x86_64/egg/hfc/protos/ledger
creating build/bdist.linux-x86_64/egg/hfc/protos/ledger/queryresult
copying build/lib/hfc/protos/ledger/queryresult/kv_query_result_pb2_grpc.py -> build/bdist.linux-x86_64/egg/hfc/protos/ledger/queryresult
copying build/lib/hfc/protos/ledger/queryresult/kv_query_result_pb2.py -> build/bdist.linux-x86_64/egg/hfc/protos/ledger/queryresult
copying build/lib/hfc/protos/ledger/queryresult/__init__.py -> build/bdist.linux-x86_64/egg/hfc/protos/ledger/queryresult
creating build/bdist.linux-x86_64/egg/hfc/protos/ledger/rwset
copying build/lib/hfc/protos/ledger/rwset/rwset_pb2.py -> build/bdist.linux-x86_64/egg/hfc/protos/ledger/rwset
copying build/lib/hfc/protos/ledger/rwset/rwset_pb2_grpc.py -> build/bdist.linux-x86_64/egg/hfc/protos/ledger/rwset
copying build/lib/hfc/protos/ledger/rwset/__init__.py -> build/bdist.linux-x86_64/egg/hfc/protos/ledger/rwset
creating build/bdist.linux-x86_64/egg/hfc/protos/ledger/rwset/kvrwset
copying build/lib/hfc/protos/ledger/rwset/kvrwset/kv_rwset_pb2.py -> build/bdist.linux-x86_64/egg/hfc/protos/ledger/rwset/kvrwset
copying build/lib/hfc/protos/ledger/rwset/kvrwset/kv_rwset_pb2_grpc.py -> build/bdist.linux-x86_64/egg/hfc/protos/ledger/rwset/kvrwset
copying build/lib/hfc/protos/ledger/rwset/kvrwset/__init__.py -> build/bdist.linux-x86_64/egg/hfc/protos/ledger/rwset/kvrwset
copying build/lib/hfc/protos/ledger/__init__.py -> build/bdist.linux-x86_64/egg/hfc/protos/ledger
creating build/bdist.linux-x86_64/egg/hfc/protos/common
copying build/lib/hfc/protos/common/ledger_pb2.py -> build/bdist.linux-x86_64/egg/hfc/protos/common
copying build/lib/hfc/protos/common/configtx_pb2_grpc.py -> build/bdist.linux-x86_64/egg/hfc/protos/common
copying build/lib/hfc/protos/common/configtx_pb2.py -> build/bdist.linux-x86_64/egg/hfc/protos/common
copying build/lib/hfc/protos/common/configuration_pb2.py -> build/bdist.linux-x86_64/egg/hfc/protos/common
copying build/lib/hfc/protos/common/common_pb2.py -> build/bdist.linux-x86_64/egg/hfc/protos/common
copying build/lib/hfc/protos/common/configuration_pb2_grpc.py -> build/bdist.linux-x86_64/egg/hfc/protos/common
copying build/lib/hfc/protos/common/policies_pb2_grpc.py -> build/bdist.linux-x86_64/egg/hfc/protos/common
copying build/lib/hfc/protos/common/ledger_pb2_grpc.py -> build/bdist.linux-x86_64/egg/hfc/protos/common
copying build/lib/hfc/protos/common/policies_pb2.py -> build/bdist.linux-x86_64/egg/hfc/protos/common
copying build/lib/hfc/protos/common/__init__.py -> build/bdist.linux-x86_64/egg/hfc/protos/common
copying build/lib/hfc/protos/common/common_pb2_grpc.py -> build/bdist.linux-x86_64/egg/hfc/protos/common
creating build/bdist.linux-x86_64/egg/hfc/protos/peer
copying build/lib/hfc/protos/peer/proposal_response_pb2_grpc.py -> build/bdist.linux-x86_64/egg/hfc/protos/peer
copying build/lib/hfc/protos/peer/transaction_pb2.py -> build/bdist.linux-x86_64/egg/hfc/protos/peer
copying build/lib/hfc/protos/peer/configuration_pb2.py -> build/bdist.linux-x86_64/egg/hfc/protos/peer
copying build/lib/hfc/protos/peer/query_pb2_grpc.py -> build/bdist.linux-x86_64/egg/hfc/protos/peer
copying build/lib/hfc/protos/peer/query_pb2.py -> build/bdist.linux-x86_64/egg/hfc/protos/peer
copying build/lib/hfc/protos/peer/chaincode_pb2_grpc.py -> build/bdist.linux-x86_64/egg/hfc/protos/peer
copying build/lib/hfc/protos/peer/transaction_pb2_grpc.py -> build/bdist.linux-x86_64/egg/hfc/protos/peer
copying build/lib/hfc/protos/peer/configuration_pb2_grpc.py -> build/bdist.linux-x86_64/egg/hfc/protos/peer
copying build/lib/hfc/protos/peer/chaincode_event_pb2_grpc.py -> build/bdist.linux-x86_64/egg/hfc/protos/peer
copying build/lib/hfc/protos/peer/peer_pb2_grpc.py -> build/bdist.linux-x86_64/egg/hfc/protos/peer
copying build/lib/hfc/protos/peer/admin_pb2_grpc.py -> build/bdist.linux-x86_64/egg/hfc/protos/peer
copying build/lib/hfc/protos/peer/proposal_pb2.py -> build/bdist.linux-x86_64/egg/hfc/protos/peer
copying build/lib/hfc/protos/peer/proposal_response_pb2.py -> build/bdist.linux-x86_64/egg/hfc/protos/peer
copying build/lib/hfc/protos/peer/chaincode_event_pb2.py -> build/bdist.linux-x86_64/egg/hfc/protos/peer
copying build/lib/hfc/protos/peer/proposal_pb2_grpc.py -> build/bdist.linux-x86_64/egg/hfc/protos/peer
copying build/lib/hfc/protos/peer/chaincode_pb2.py -> build/bdist.linux-x86_64/egg/hfc/protos/peer
copying build/lib/hfc/protos/peer/admin_pb2.py -> build/bdist.linux-x86_64/egg/hfc/protos/peer
copying build/lib/hfc/protos/peer/events_pb2.py -> build/bdist.linux-x86_64/egg/hfc/protos/peer
copying build/lib/hfc/protos/peer/__init__.py -> build/bdist.linux-x86_64/egg/hfc/protos/peer
copying build/lib/hfc/protos/peer/chaincodeevent_pb2_grpc.py -> build/bdist.linux-x86_64/egg/hfc/protos/peer
copying build/lib/hfc/protos/peer/peer_pb2.py -> build/bdist.linux-x86_64/egg/hfc/protos/peer
copying build/lib/hfc/protos/peer/chaincodeevent_pb2.py -> build/bdist.linux-x86_64/egg/hfc/protos/peer
copying build/lib/hfc/protos/peer/events_pb2_grpc.py -> build/bdist.linux-x86_64/egg/hfc/protos/peer
creating build/bdist.linux-x86_64/egg/hfc/protos/msp
copying build/lib/hfc/protos/msp/identities_pb2_grpc.py -> build/bdist.linux-x86_64/egg/hfc/protos/msp
copying build/lib/hfc/protos/msp/mspconfig_pb2_grpc.py -> build/bdist.linux-x86_64/egg/hfc/protos/msp
copying build/lib/hfc/protos/msp/msp_principal_pb2_grpc.py -> build/bdist.linux-x86_64/egg/hfc/protos/msp
copying build/lib/hfc/protos/msp/__init__.py -> build/bdist.linux-x86_64/egg/hfc/protos/msp
copying build/lib/hfc/protos/msp/msp_principal_pb2.py -> build/bdist.linux-x86_64/egg/hfc/protos/msp
copying build/lib/hfc/protos/msp/mspconfig_pb2.py -> build/bdist.linux-x86_64/egg/hfc/protos/msp
copying build/lib/hfc/protos/msp/identities_pb2.py -> build/bdist.linux-x86_64/egg/hfc/protos/msp
copying build/lib/hfc/protos/utils.py -> build/bdist.linux-x86_64/egg/hfc/protos
copying build/lib/hfc/protos/__init__.py -> build/bdist.linux-x86_64/egg/hfc/protos
creating build/bdist.linux-x86_64/egg/hfc/fabric
copying build/lib/hfc/fabric/peer.py -> build/bdist.linux-x86_64/egg/hfc/fabric
copying build/lib/hfc/fabric/orderer.py -> build/bdist.linux-x86_64/egg/hfc/fabric
copying build/lib/hfc/fabric/block_decoder.py -> build/bdist.linux-x86_64/egg/hfc/fabric
copying build/lib/hfc/fabric/client.py -> build/bdist.linux-x86_64/egg/hfc/fabric
copying build/lib/hfc/fabric/eventhub.py -> build/bdist.linux-x86_64/egg/hfc/fabric
creating build/bdist.linux-x86_64/egg/hfc/fabric/channel
copying build/lib/hfc/fabric/channel/invocation.py -> build/bdist.linux-x86_64/egg/hfc/fabric/channel
copying build/lib/hfc/fabric/channel/channel.py -> build/bdist.linux-x86_64/egg/hfc/fabric/channel
copying build/lib/hfc/fabric/channel/__init__.py -> build/bdist.linux-x86_64/egg/hfc/fabric/channel
copying build/lib/hfc/fabric/channel/channel_configuration.py -> build/bdist.linux-x86_64/egg/hfc/fabric/channel
copying build/lib/hfc/fabric/channel/instantiation.py -> build/bdist.linux-x86_64/egg/hfc/fabric/channel
copying build/lib/hfc/fabric/organization.py -> build/bdist.linux-x86_64/egg/hfc/fabric
creating build/bdist.linux-x86_64/egg/hfc/fabric/msp
copying build/lib/hfc/fabric/msp/__init__.py -> build/bdist.linux-x86_64/egg/hfc/fabric/msp
creating build/bdist.linux-x86_64/egg/hfc/fabric/transaction
copying build/lib/hfc/fabric/transaction/tx_proposal_request.py -> build/bdist.linux-x86_64/egg/hfc/fabric/transaction
copying build/lib/hfc/fabric/transaction/__init__.py -> build/bdist.linux-x86_64/egg/hfc/fabric/transaction
copying build/lib/hfc/fabric/transaction/tx_context.py -> build/bdist.linux-x86_64/egg/hfc/fabric/transaction
copying build/lib/hfc/fabric/__init__.py -> build/bdist.linux-x86_64/egg/hfc/fabric
creating build/bdist.linux-x86_64/egg/hfc/fabric/config
copying build/lib/hfc/fabric/config/default.py -> build/bdist.linux-x86_64/egg/hfc/fabric/config
copying build/lib/hfc/fabric/config/__init__.py -> build/bdist.linux-x86_64/egg/hfc/fabric/config
copying build/lib/hfc/fabric/user.py -> build/bdist.linux-x86_64/egg/hfc/fabric
copying build/lib/hfc/__init__.py -> build/bdist.linux-x86_64/egg/hfc
copying build/lib/hfc/version.py -> build/bdist.linux-x86_64/egg/hfc
creating build/bdist.linux-x86_64/egg/test
creating build/bdist.linux-x86_64/egg/test/integration
copying build/lib/test/integration/config.py -> build/bdist.linux-x86_64/egg/test/integration
copying build/lib/test/integration/query_transaction_test.py -> build/bdist.linux-x86_64/egg/test/integration
copying build/lib/test/integration/user_test.py -> build/bdist.linux-x86_64/egg/test/integration
copying build/lib/test/integration/utils_test.py -> build/bdist.linux-x86_64/egg/test/integration
copying build/lib/test/integration/query_test.py -> build/bdist.linux-x86_64/egg/test/integration
copying build/lib/test/integration/ca_test.py -> build/bdist.linux-x86_64/egg/test/integration
copying build/lib/test/integration/chaincode_invoke_test.py -> build/bdist.linux-x86_64/egg/test/integration
copying build/lib/test/integration/e2e_test.py -> build/bdist.linux-x86_64/egg/test/integration
copying build/lib/test/integration/utils.py -> build/bdist.linux-x86_64/egg/test/integration
copying build/lib/test/integration/__init__.py -> build/bdist.linux-x86_64/egg/test/integration
copying build/lib/test/integration/chaincode_instantiate_test.py -> build/bdist.linux-x86_64/egg/test/integration
copying build/lib/test/integration/e2e_utils.py -> build/bdist.linux-x86_64/egg/test/integration
copying build/lib/test/__init__.py -> build/bdist.linux-x86_64/egg/test
creating build/bdist.linux-x86_64/egg/test/unit
copying build/lib/test/unit/user_test.py -> build/bdist.linux-x86_64/egg/test/unit
copying build/lib/test/unit/ca_test.py -> build/bdist.linux-x86_64/egg/test/unit
copying build/lib/test/unit/crypto_test.py -> build/bdist.linux-x86_64/egg/test/unit
creating build/bdist.linux-x86_64/egg/test/unit/channel
copying build/lib/test/unit/channel/instantiation_test.py -> build/bdist.linux-x86_64/egg/test/unit/channel
copying build/lib/test/unit/channel/channel_configuration_test.py -> build/bdist.linux-x86_64/egg/test/unit/channel
copying build/lib/test/unit/channel/invocation_test.py -> build/bdist.linux-x86_64/egg/test/unit/channel
copying build/lib/test/unit/channel/__init__.py -> build/bdist.linux-x86_64/egg/test/unit/channel
copying build/lib/test/unit/channel/channel_test.py -> build/bdist.linux-x86_64/egg/test/unit/channel
creating build/bdist.linux-x86_64/egg/test/unit/msp
copying build/lib/test/unit/msp/__init__.py -> build/bdist.linux-x86_64/egg/test/unit/msp
copying build/lib/test/unit/eventhub_test.py -> build/bdist.linux-x86_64/egg/test/unit
copying build/lib/test/unit/keyvaluestore_test.py -> build/bdist.linux-x86_64/egg/test/unit
copying build/lib/test/unit/block_decoder_test.py -> build/bdist.linux-x86_64/egg/test/unit
copying build/lib/test/unit/orderer_test.py -> build/bdist.linux-x86_64/egg/test/unit
copying build/lib/test/unit/client_test.py -> build/bdist.linux-x86_64/egg/test/unit
copying build/lib/test/unit/peer_test.py -> build/bdist.linux-x86_64/egg/test/unit
copying build/lib/test/unit/__init__.py -> build/bdist.linux-x86_64/egg/test/unit
byte-compiling build/bdist.linux-x86_64/egg/hfc/util/crypto/__init__.py to __init__.cpython-36.pyc
byte-compiling build/bdist.linux-x86_64/egg/hfc/util/crypto/crypto.py to crypto.cpython-36.pyc
byte-compiling build/bdist.linux-x86_64/egg/hfc/util/keyvaluestore.py to keyvaluestore.cpython-36.pyc
byte-compiling build/bdist.linux-x86_64/egg/hfc/util/channel.py to channel.cpython-36.pyc
byte-compiling build/bdist.linux-x86_64/egg/hfc/util/utils.py to utils.cpython-36.pyc
byte-compiling build/bdist.linux-x86_64/egg/hfc/util/__init__.py to __init__.cpython-36.pyc
byte-compiling build/bdist.linux-x86_64/egg/hfc/fabric_ca/caservice.py to caservice.cpython-36.pyc
byte-compiling build/bdist.linux-x86_64/egg/hfc/fabric_ca/__init__.py to __init__.cpython-36.pyc
byte-compiling build/bdist.linux-x86_64/egg/hfc/protos/orderer/configuration_pb2.py to configuration_pb2.cpython-36.pyc
byte-compiling build/bdist.linux-x86_64/egg/hfc/protos/orderer/configuration_pb2_grpc.py to configuration_pb2_grpc.cpython-36.pyc
byte-compiling build/bdist.linux-x86_64/egg/hfc/protos/orderer/ab_pb2_grpc.py to ab_pb2_grpc.cpython-36.pyc
byte-compiling build/bdist.linux-x86_64/egg/hfc/protos/orderer/ab_pb2.py to ab_pb2.cpython-36.pyc
byte-compiling build/bdist.linux-x86_64/egg/hfc/protos/orderer/__init__.py to __init__.cpython-36.pyc
byte-compiling build/bdist.linux-x86_64/egg/hfc/protos/ledger/queryresult/kv_query_result_pb2_grpc.py to kv_query_result_pb2_grpc.cpython-36.pyc
byte-compiling build/bdist.linux-x86_64/egg/hfc/protos/ledger/queryresult/kv_query_result_pb2.py to kv_query_result_pb2.cpython-36.pyc
byte-compiling build/bdist.linux-x86_64/egg/hfc/protos/ledger/queryresult/__init__.py to __init__.cpython-36.pyc
byte-compiling build/bdist.linux-x86_64/egg/hfc/protos/ledger/rwset/rwset_pb2.py to rwset_pb2.cpython-36.pyc
byte-compiling build/bdist.linux-x86_64/egg/hfc/protos/ledger/rwset/rwset_pb2_grpc.py to rwset_pb2_grpc.cpython-36.pyc
byte-compiling build/bdist.linux-x86_64/egg/hfc/protos/ledger/rwset/__init__.py to __init__.cpython-36.pyc
byte-compiling build/bdist.linux-x86_64/egg/hfc/protos/ledger/rwset/kvrwset/kv_rwset_pb2.py to kv_rwset_pb2.cpython-36.pyc
byte-compiling build/bdist.linux-x86_64/egg/hfc/protos/ledger/rwset/kvrwset/kv_rwset_pb2_grpc.py to kv_rwset_pb2_grpc.cpython-36.pyc
byte-compiling build/bdist.linux-x86_64/egg/hfc/protos/ledger/rwset/kvrwset/__init__.py to __init__.cpython-36.pyc
byte-compiling build/bdist.linux-x86_64/egg/hfc/protos/ledger/__init__.py to __init__.cpython-36.pyc
byte-compiling build/bdist.linux-x86_64/egg/hfc/protos/common/ledger_pb2.py to ledger_pb2.cpython-36.pyc
byte-compiling build/bdist.linux-x86_64/egg/hfc/protos/common/configtx_pb2_grpc.py to configtx_pb2_grpc.cpython-36.pyc
byte-compiling build/bdist.linux-x86_64/egg/hfc/protos/common/configtx_pb2.py to configtx_pb2.cpython-36.pyc
byte-compiling build/bdist.linux-x86_64/egg/hfc/protos/common/configuration_pb2.py to configuration_pb2.cpython-36.pyc
byte-compiling build/bdist.linux-x86_64/egg/hfc/protos/common/common_pb2.py to common_pb2.cpython-36.pyc
byte-compiling build/bdist.linux-x86_64/egg/hfc/protos/common/configuration_pb2_grpc.py to configuration_pb2_grpc.cpython-36.pyc
byte-compiling build/bdist.linux-x86_64/egg/hfc/protos/common/policies_pb2_grpc.py to policies_pb2_grpc.cpython-36.pyc
byte-compiling build/bdist.linux-x86_64/egg/hfc/protos/common/ledger_pb2_grpc.py to ledger_pb2_grpc.cpython-36.pyc
byte-compiling build/bdist.linux-x86_64/egg/hfc/protos/common/policies_pb2.py to policies_pb2.cpython-36.pyc
byte-compiling build/bdist.linux-x86_64/egg/hfc/protos/common/__init__.py to __init__.cpython-36.pyc
byte-compiling build/bdist.linux-x86_64/egg/hfc/protos/common/common_pb2_grpc.py to common_pb2_grpc.cpython-36.pyc
byte-compiling build/bdist.linux-x86_64/egg/hfc/protos/peer/proposal_response_pb2_grpc.py to proposal_response_pb2_grpc.cpython-36.pyc
byte-compiling build/bdist.linux-x86_64/egg/hfc/protos/peer/transaction_pb2.py to transaction_pb2.cpython-36.pyc
byte-compiling build/bdist.linux-x86_64/egg/hfc/protos/peer/configuration_pb2.py to configuration_pb2.cpython-36.pyc
byte-compiling build/bdist.linux-x86_64/egg/hfc/protos/peer/query_pb2_grpc.py to query_pb2_grpc.cpython-36.pyc
byte-compiling build/bdist.linux-x86_64/egg/hfc/protos/peer/query_pb2.py to query_pb2.cpython-36.pyc
byte-compiling build/bdist.linux-x86_64/egg/hfc/protos/peer/chaincode_pb2_grpc.py to chaincode_pb2_grpc.cpython-36.pyc
byte-compiling build/bdist.linux-x86_64/egg/hfc/protos/peer/transaction_pb2_grpc.py to transaction_pb2_grpc.cpython-36.pyc
byte-compiling build/bdist.linux-x86_64/egg/hfc/protos/peer/configuration_pb2_grpc.py to configuration_pb2_grpc.cpython-36.pyc
byte-compiling build/bdist.linux-x86_64/egg/hfc/protos/peer/chaincode_event_pb2_grpc.py to chaincode_event_pb2_grpc.cpython-36.pyc
byte-compiling build/bdist.linux-x86_64/egg/hfc/protos/peer/peer_pb2_grpc.py to peer_pb2_grpc.cpython-36.pyc
byte-compiling build/bdist.linux-x86_64/egg/hfc/protos/peer/admin_pb2_grpc.py to admin_pb2_grpc.cpython-36.pyc
byte-compiling build/bdist.linux-x86_64/egg/hfc/protos/peer/proposal_pb2.py to proposal_pb2.cpython-36.pyc
byte-compiling build/bdist.linux-x86_64/egg/hfc/protos/peer/proposal_response_pb2.py to proposal_response_pb2.cpython-36.pyc
byte-compiling build/bdist.linux-x86_64/egg/hfc/protos/peer/chaincode_event_pb2.py to chaincode_event_pb2.cpython-36.pyc
byte-compiling build/bdist.linux-x86_64/egg/hfc/protos/peer/proposal_pb2_grpc.py to proposal_pb2_grpc.cpython-36.pyc
byte-compiling build/bdist.linux-x86_64/egg/hfc/protos/peer/chaincode_pb2.py to chaincode_pb2.cpython-36.pyc
byte-compiling build/bdist.linux-x86_64/egg/hfc/protos/peer/admin_pb2.py to admin_pb2.cpython-36.pyc
byte-compiling build/bdist.linux-x86_64/egg/hfc/protos/peer/events_pb2.py to events_pb2.cpython-36.pyc
byte-compiling build/bdist.linux-x86_64/egg/hfc/protos/peer/__init__.py to __init__.cpython-36.pyc
byte-compiling build/bdist.linux-x86_64/egg/hfc/protos/peer/chaincodeevent_pb2_grpc.py to chaincodeevent_pb2_grpc.cpython-36.pyc
byte-compiling build/bdist.linux-x86_64/egg/hfc/protos/peer/peer_pb2.py to peer_pb2.cpython-36.pyc
byte-compiling build/bdist.linux-x86_64/egg/hfc/protos/peer/chaincodeevent_pb2.py to chaincodeevent_pb2.cpython-36.pyc
byte-compiling build/bdist.linux-x86_64/egg/hfc/protos/peer/events_pb2_grpc.py to events_pb2_grpc.cpython-36.pyc
byte-compiling build/bdist.linux-x86_64/egg/hfc/protos/msp/identities_pb2_grpc.py to identities_pb2_grpc.cpython-36.pyc
byte-compiling build/bdist.linux-x86_64/egg/hfc/protos/msp/mspconfig_pb2_grpc.py to mspconfig_pb2_grpc.cpython-36.pyc
byte-compiling build/bdist.linux-x86_64/egg/hfc/protos/msp/msp_principal_pb2_grpc.py to msp_principal_pb2_grpc.cpython-36.pyc
byte-compiling build/bdist.linux-x86_64/egg/hfc/protos/msp/__init__.py to __init__.cpython-36.pyc
byte-compiling build/bdist.linux-x86_64/egg/hfc/protos/msp/msp_principal_pb2.py to msp_principal_pb2.cpython-36.pyc
byte-compiling build/bdist.linux-x86_64/egg/hfc/protos/msp/mspconfig_pb2.py to mspconfig_pb2.cpython-36.pyc
byte-compiling build/bdist.linux-x86_64/egg/hfc/protos/msp/identities_pb2.py to identities_pb2.cpython-36.pyc
byte-compiling build/bdist.linux-x86_64/egg/hfc/protos/utils.py to utils.cpython-36.pyc
byte-compiling build/bdist.linux-x86_64/egg/hfc/protos/__init__.py to __init__.cpython-36.pyc
byte-compiling build/bdist.linux-x86_64/egg/hfc/fabric/peer.py to peer.cpython-36.pyc
byte-compiling build/bdist.linux-x86_64/egg/hfc/fabric/orderer.py to orderer.cpython-36.pyc
byte-compiling build/bdist.linux-x86_64/egg/hfc/fabric/block_decoder.py to block_decoder.cpython-36.pyc
byte-compiling build/bdist.linux-x86_64/egg/hfc/fabric/client.py to client.cpython-36.pyc
byte-compiling build/bdist.linux-x86_64/egg/hfc/fabric/eventhub.py to eventhub.cpython-36.pyc
byte-compiling build/bdist.linux-x86_64/egg/hfc/fabric/channel/invocation.py to invocation.cpython-36.pyc
byte-compiling build/bdist.linux-x86_64/egg/hfc/fabric/channel/channel.py to channel.cpython-36.pyc
byte-compiling build/bdist.linux-x86_64/egg/hfc/fabric/channel/__init__.py to __init__.cpython-36.pyc
byte-compiling build/bdist.linux-x86_64/egg/hfc/fabric/channel/channel_configuration.py to channel_configuration.cpython-36.pyc
byte-compiling build/bdist.linux-x86_64/egg/hfc/fabric/channel/instantiation.py to instantiation.cpython-36.pyc
byte-compiling build/bdist.linux-x86_64/egg/hfc/fabric/organization.py to organization.cpython-36.pyc
byte-compiling build/bdist.linux-x86_64/egg/hfc/fabric/msp/__init__.py to __init__.cpython-36.pyc
byte-compiling build/bdist.linux-x86_64/egg/hfc/fabric/transaction/tx_proposal_request.py to tx_proposal_request.cpython-36.pyc
byte-compiling build/bdist.linux-x86_64/egg/hfc/fabric/transaction/__init__.py to __init__.cpython-36.pyc
byte-compiling build/bdist.linux-x86_64/egg/hfc/fabric/transaction/tx_context.py to tx_context.cpython-36.pyc
byte-compiling build/bdist.linux-x86_64/egg/hfc/fabric/__init__.py to __init__.cpython-36.pyc
byte-compiling build/bdist.linux-x86_64/egg/hfc/fabric/config/default.py to default.cpython-36.pyc
byte-compiling build/bdist.linux-x86_64/egg/hfc/fabric/config/__init__.py to __init__.cpython-36.pyc
byte-compiling build/bdist.linux-x86_64/egg/hfc/fabric/user.py to user.cpython-36.pyc
byte-compiling build/bdist.linux-x86_64/egg/hfc/__init__.py to __init__.cpython-36.pyc
byte-compiling build/bdist.linux-x86_64/egg/hfc/version.py to version.cpython-36.pyc
byte-compiling build/bdist.linux-x86_64/egg/test/integration/config.py to config.cpython-36.pyc
byte-compiling build/bdist.linux-x86_64/egg/test/integration/query_transaction_test.py to query_transaction_test.cpython-36.pyc
byte-compiling build/bdist.linux-x86_64/egg/test/integration/user_test.py to user_test.cpython-36.pyc
byte-compiling build/bdist.linux-x86_64/egg/test/integration/utils_test.py to utils_test.cpython-36.pyc
byte-compiling build/bdist.linux-x86_64/egg/test/integration/query_test.py to query_test.cpython-36.pyc
byte-compiling build/bdist.linux-x86_64/egg/test/integration/ca_test.py to ca_test.cpython-36.pyc
byte-compiling build/bdist.linux-x86_64/egg/test/integration/chaincode_invoke_test.py to chaincode_invoke_test.cpython-36.pyc
byte-compiling build/bdist.linux-x86_64/egg/test/integration/e2e_test.py to e2e_test.cpython-36.pyc
byte-compiling build/bdist.linux-x86_64/egg/test/integration/utils.py to utils.cpython-36.pyc
byte-compiling build/bdist.linux-x86_64/egg/test/integration/__init__.py to __init__.cpython-36.pyc
byte-compiling build/bdist.linux-x86_64/egg/test/integration/chaincode_instantiate_test.py to chaincode_instantiate_test.cpython-36.pyc
byte-compiling build/bdist.linux-x86_64/egg/test/integration/e2e_utils.py to e2e_utils.cpython-36.pyc
byte-compiling build/bdist.linux-x86_64/egg/test/__init__.py to __init__.cpython-36.pyc
byte-compiling build/bdist.linux-x86_64/egg/test/unit/user_test.py to user_test.cpython-36.pyc
byte-compiling build/bdist.linux-x86_64/egg/test/unit/ca_test.py to ca_test.cpython-36.pyc
byte-compiling build/bdist.linux-x86_64/egg/test/unit/crypto_test.py to crypto_test.cpython-36.pyc
byte-compiling build/bdist.linux-x86_64/egg/test/unit/channel/instantiation_test.py to instantiation_test.cpython-36.pyc
byte-compiling build/bdist.linux-x86_64/egg/test/unit/channel/channel_configuration_test.py to channel_configuration_test.cpython-36.pyc
byte-compiling build/bdist.linux-x86_64/egg/test/unit/channel/invocation_test.py to invocation_test.cpython-36.pyc
byte-compiling build/bdist.linux-x86_64/egg/test/unit/channel/__init__.py to __init__.cpython-36.pyc
byte-compiling build/bdist.linux-x86_64/egg/test/unit/channel/channel_test.py to channel_test.cpython-36.pyc
byte-compiling build/bdist.linux-x86_64/egg/test/unit/msp/__init__.py to __init__.cpython-36.pyc
byte-compiling build/bdist.linux-x86_64/egg/test/unit/eventhub_test.py to eventhub_test.cpython-36.pyc
byte-compiling build/bdist.linux-x86_64/egg/test/unit/keyvaluestore_test.py to keyvaluestore_test.cpython-36.pyc
byte-compiling build/bdist.linux-x86_64/egg/test/unit/block_decoder_test.py to block_decoder_test.cpython-36.pyc
byte-compiling build/bdist.linux-x86_64/egg/test/unit/orderer_test.py to orderer_test.cpython-36.pyc
byte-compiling build/bdist.linux-x86_64/egg/test/unit/client_test.py to client_test.cpython-36.pyc
byte-compiling build/bdist.linux-x86_64/egg/test/unit/peer_test.py to peer_test.cpython-36.pyc
byte-compiling build/bdist.linux-x86_64/egg/test/unit/__init__.py to __init__.cpython-36.pyc
creating build/bdist.linux-x86_64/egg/EGG-INFO
copying hfc.egg-info/PKG-INFO -> build/bdist.linux-x86_64/egg/EGG-INFO
copying hfc.egg-info/SOURCES.txt -> build/bdist.linux-x86_64/egg/EGG-INFO
copying hfc.egg-info/dependency_links.txt -> build/bdist.linux-x86_64/egg/EGG-INFO
copying hfc.egg-info/not-zip-safe -> build/bdist.linux-x86_64/egg/EGG-INFO
copying hfc.egg-info/requires.txt -> build/bdist.linux-x86_64/egg/EGG-INFO
copying hfc.egg-info/top_level.txt -> build/bdist.linux-x86_64/egg/EGG-INFO
creating 'dist/hfc-0.7.0-py3.6.egg' and adding 'build/bdist.linux-x86_64/egg' to it
removing 'build/bdist.linux-x86_64/egg' (and everything under it)
Processing hfc-0.7.0-py3.6.egg
removing '/usr/local/lib/python3.6/site-packages/hfc-0.7.0-py3.6.egg' (and everything under it)
creating /usr/local/lib/python3.6/site-packages/hfc-0.7.0-py3.6.egg
Extracting hfc-0.7.0-py3.6.egg to /usr/local/lib/python3.6/site-packages
hfc 0.7.0 is already the active version in easy-install.pth

Installed /usr/local/lib/python3.6/site-packages/hfc-0.7.0-py3.6.egg
Processing dependencies for hfc==0.7.0
Searching for grpcio>=1.0.1
Reading https://pypi.python.org/simple/grpcio/
Downloading https://files.pythonhosted.org/packages/87/42/cbd9bf779156031c20b4454a8a3a03c92adfcfd55f2295717ad403d6f381/grpcio-1.12.0.tar.gz#sha256=e1fd1f0782751d281e7d4e67b8d3143f0326cf3a7ab7c7ccf21ee51a152a5c37
Best match: grpcio 1.12.0
Processing grpcio-1.12.0.tar.gz
Writing /tmp/easy_install-g9zpb85r/grpcio-1.12.0/setup.cfg
Running grpcio-1.12.0/setup.py -q bdist_egg --dist-dir /tmp/easy_install-g9zpb85r/grpcio-1.12.0/egg-dist-tmp-qroz5mp7
Found cython-generated files...
warning: no files found matching '*.c' under directory 'src/python/grpcio/grpc'
warning: no files found matching '*.h' under directory 'src/python/grpcio/grpc'
warning: no files found matching '*.python' under directory 'src/python/grpcio/grpc'
warning: no previously-included files matching '*.so' found under directory 'src/python/grpcio/grpc/_cython'
warning: no previously-included files matching '*.pyd' found under directory 'src/python/grpcio/grpc/_cython'
warning: no files found matching 'src/python/grpcio/precompiled.py'
gcc: error trying to exec 'cc1plus': execvp: No such file or directory
Found cython-generated files...
Traceback (most recent call last):
  File "/usr/lib64/python3.6/distutils/unixccompiler.py", line 127, in _compile
    extra_postargs)
  File "/tmp/easy_install-g9zpb85r/grpcio-1.12.0/src/python/grpcio/_spawn_patch.py", line 54, in _commandfile_spawn
  File "/usr/lib64/python3.6/distutils/ccompiler.py", line 909, in spawn
    spawn(cmd, dry_run=self.dry_run)
  File "/usr/lib64/python3.6/distutils/spawn.py", line 36, in spawn
    _spawn_posix(cmd, search_path, dry_run=dry_run)
  File "/usr/lib64/python3.6/distutils/spawn.py", line 159, in _spawn_posix
    % (cmd, exit_status))
distutils.errors.DistutilsExecError: command 'gcc' failed with exit status 1

During handling of the above exception, another exception occurred:

Traceback (most recent call last):
  File "/tmp/easy_install-g9zpb85r/grpcio-1.12.0/src/python/grpcio/commands.py", line 292, in build_extensions
  File "/usr/lib64/python3.6/distutils/command/build_ext.py", line 448, in build_extensions
    self._build_extensions_serial()
  File "/usr/lib64/python3.6/distutils/command/build_ext.py", line 473, in _build_extensions_serial
    self.build_extension(ext)
  File "/usr/lib/python3.6/dist-packages/setuptools/command/build_ext.py", line 196, in build_extension
    _build_ext.build_extension(self, ext)
  File "/usr/lib64/python3.6/distutils/command/build_ext.py", line 533, in build_extension
    depends=ext.depends)
  File "/usr/lib64/python3.6/distutils/ccompiler.py", line 574, in compile
    self._compile(obj, src, ext, cc_args, extra_postargs, pp_opts)
  File "/usr/lib64/python3.6/distutils/unixccompiler.py", line 129, in _compile
    raise CompileError(msg)
distutils.errors.CompileError: command 'gcc' failed with exit status 1

During handling of the above exception, another exception occurred:

Traceback (most recent call last):
  File "/usr/lib/python3.6/dist-packages/setuptools/sandbox.py", line 158, in save_modules
    yield saved
  File "/usr/lib/python3.6/dist-packages/setuptools/sandbox.py", line 199, in setup_context
    yield
  File "/usr/lib/python3.6/dist-packages/setuptools/sandbox.py", line 254, in run_setup
    _execfile(setup_script, ns)
  File "/usr/lib/python3.6/dist-packages/setuptools/sandbox.py", line 49, in _execfile
    exec(code, globals, locals)
  File "/tmp/easy_install-g9zpb85r/grpcio-1.12.0/setup.py", line 310, in <module>
  File "/usr/lib64/python3.6/distutils/core.py", line 148, in setup
    dist.run_commands()
  File "/usr/lib64/python3.6/distutils/dist.py", line 955, in run_commands
    self.run_command(cmd)
  File "/usr/lib64/python3.6/distutils/dist.py", line 974, in run_command
    cmd_obj.run()
  File "/usr/lib/python3.6/dist-packages/setuptools/command/bdist_egg.py", line 161, in run
    cmd = self.call_command('install_lib', warn_dir=0)
  File "/usr/lib/python3.6/dist-packages/setuptools/command/bdist_egg.py", line 147, in call_command
    self.run_command(cmdname)
  File "/usr/lib64/python3.6/distutils/cmd.py", line 313, in run_command
    self.distribution.run_command(command)
  File "/usr/lib64/python3.6/distutils/dist.py", line 974, in run_command
    cmd_obj.run()
  File "/usr/lib/python3.6/dist-packages/setuptools/command/install_lib.py", line 11, in run
    self.build()
  File "/usr/lib64/python3.6/distutils/command/install_lib.py", line 107, in build
    self.run_command('build_ext')
  File "/usr/lib64/python3.6/distutils/cmd.py", line 313, in run_command
    self.distribution.run_command(command)
  File "/usr/lib64/python3.6/distutils/dist.py", line 974, in run_command
    cmd_obj.run()
  File "/usr/lib/python3.6/dist-packages/setuptools/command/build_ext.py", line 75, in run
    _build_ext.run(self)
  File "/usr/lib64/python3.6/distutils/command/build_ext.py", line 339, in run
    self.build_extensions()
  File "/tmp/easy_install-g9zpb85r/grpcio-1.12.0/src/python/grpcio/commands.py", line 297, in build_extensions
commands.CommandError: Failed `build_ext` step:
Traceback (most recent call last):
  File "/usr/lib64/python3.6/distutils/unixccompiler.py", line 127, in _compile
    extra_postargs)
  File "/tmp/easy_install-g9zpb85r/grpcio-1.12.0/src/python/grpcio/_spawn_patch.py", line 54, in _commandfile_spawn
    _classic_spawn(self, command)
  File "/usr/lib64/python3.6/distutils/ccompiler.py", line 909, in spawn
    spawn(cmd, dry_run=self.dry_run)
  File "/usr/lib64/python3.6/distutils/spawn.py", line 36, in spawn
    _spawn_posix(cmd, search_path, dry_run=dry_run)
  File "/usr/lib64/python3.6/distutils/spawn.py", line 159, in _spawn_posix
    % (cmd, exit_status))
distutils.errors.DistutilsExecError: command 'gcc' failed with exit status 1

During handling of the above exception, another exception occurred:

Traceback (most recent call last):
  File "/tmp/easy_install-g9zpb85r/grpcio-1.12.0/src/python/grpcio/commands.py", line 292, in build_extensions
    build_ext.build_ext.build_extensions(self)
  File "/usr/lib64/python3.6/distutils/command/build_ext.py", line 448, in build_extensions
    self._build_extensions_serial()
  File "/usr/lib64/python3.6/distutils/command/build_ext.py", line 473, in _build_extensions_serial
    self.build_extension(ext)
  File "/usr/lib/python3.6/dist-packages/setuptools/command/build_ext.py", line 196, in build_extension
    _build_ext.build_extension(self, ext)
  File "/usr/lib64/python3.6/distutils/command/build_ext.py", line 533, in build_extension
    depends=ext.depends)
  File "/usr/lib64/python3.6/distutils/ccompiler.py", line 574, in compile
    self._compile(obj, src, ext, cc_args, extra_postargs, pp_opts)
  File "/usr/lib64/python3.6/distutils/unixccompiler.py", line 129, in _compile
    raise CompileError(msg)
distutils.errors.CompileError: command 'gcc' failed with exit status 1


During handling of the above exception, another exception occurred:

Traceback (most recent call last):
  File "setup.py", line 48, in <module>
    include_package_data=True,
  File "/usr/lib64/python3.6/distutils/core.py", line 148, in setup
    dist.run_commands()
  File "/usr/lib64/python3.6/distutils/dist.py", line 955, in run_commands
    self.run_command(cmd)
  File "/usr/lib64/python3.6/distutils/dist.py", line 974, in run_command
    cmd_obj.run()
  File "/usr/lib/python3.6/dist-packages/setuptools/command/install.py", line 67, in run
    self.do_egg_install()
  File "/usr/lib/python3.6/dist-packages/setuptools/command/install.py", line 117, in do_egg_install
    cmd.run()
  File "/usr/lib/python3.6/dist-packages/setuptools/command/easy_install.py", line 430, in run
    self.easy_install(spec, not self.no_deps)
  File "/usr/lib/python3.6/dist-packages/setuptools/command/easy_install.py", line 672, in easy_install
    return self.install_item(None, spec, tmpdir, deps, True)
  File "/usr/lib/python3.6/dist-packages/setuptools/command/easy_install.py", line 719, in install_item
    self.process_distribution(spec, dist, deps)
  File "/usr/lib/python3.6/dist-packages/setuptools/command/easy_install.py", line 764, in process_distribution
    [requirement], self.local_index, self.easy_install
  File "/usr/lib/python3.6/dist-packages/pkg_resources/__init__.py", line 855, in resolve
    dist = best[req.key] = env.best_match(req, ws, installer)
  File "/usr/lib/python3.6/dist-packages/pkg_resources/__init__.py", line 1127, in best_match
    return self.obtain(req, installer)
  File "/usr/lib/python3.6/dist-packages/pkg_resources/__init__.py", line 1139, in obtain
    return installer(requirement)
  File "/usr/lib/python3.6/dist-packages/setuptools/command/easy_install.py", line 691, in easy_install
    return self.install_item(spec, dist.location, tmpdir, deps)
  File "/usr/lib/python3.6/dist-packages/setuptools/command/easy_install.py", line 717, in install_item
    dists = self.install_eggs(spec, download, tmpdir)
  File "/usr/lib/python3.6/dist-packages/setuptools/command/easy_install.py", line 898, in install_eggs
    return self.build_and_install(setup_script, setup_base)
  File "/usr/lib/python3.6/dist-packages/setuptools/command/easy_install.py", line 1137, in build_and_install
    self.run_setup(setup_script, setup_base, args)
  File "/usr/lib/python3.6/dist-packages/setuptools/command/easy_install.py", line 1123, in run_setup
    run_setup(setup_script, args)
  File "/usr/lib/python3.6/dist-packages/setuptools/sandbox.py", line 257, in run_setup
    raise
  File "/usr/lib64/python3.6/contextlib.py", line 99, in __exit__
    self.gen.throw(type, value, traceback)
  File "/usr/lib/python3.6/dist-packages/setuptools/sandbox.py", line 199, in setup_context
    yield
  File "/usr/lib64/python3.6/contextlib.py", line 99, in __exit__
    self.gen.throw(type, value, traceback)
  File "/usr/lib/python3.6/dist-packages/setuptools/sandbox.py", line 170, in save_modules
    saved_exc.resume()
  File "/usr/lib/python3.6/dist-packages/setuptools/sandbox.py", line 144, in resume
    type, exc = map(pickle.loads, self._saved)
ModuleNotFoundError: No module named 'commands'
make: *** [install] Error 1