npm install
npm WARN deprecated crypto@0.0.3: This package is no longer supported. It's now a built-in Node module. If you've depended on crypto, you should switch to the one that's built-in.

> pkcs11js@1.0.11 install /home/roberto/sawtooth/tunafish/education/LFS171x/fabric-material/tuna-app/node_modules/pkcs11js
> node-gyp rebuild

make: Entering directory '/home/roberto/sawtooth/tunafish/education/LFS171x/fabric-material/tuna-app/node_modules/pkcs11js/build'
  CXX(target) Release/obj.target/pkcs11/src/main.o
In file included from /usr/include/errno.h:35:0,
                 from /home/roberto/.node-gyp/6.12.1/include/node/uv-errno.h:25,
                 from /home/roberto/.node-gyp/6.12.1/include/node/uv.h:48,
                 from ../../nan/nan.h:50,
                 from ../src/main.cpp:1:
/usr/include/x86_64-linux-gnu/bits/errno.h:24:26: fatal error: linux/errno.h: No such file or directory
compilation terminated.
pkcs11.target.mk:107: recipe for target 'Release/obj.target/pkcs11/src/main.o' failed
make: *** [Release/obj.target/pkcs11/src/main.o] Error 1
make: Leaving directory '/home/roberto/sawtooth/tunafish/education/LFS171x/fabric-material/tuna-app/node_modules/pkcs11js/build'
gyp ERR! build error 
gyp ERR! stack Error: `make` failed with exit code: 2
gyp ERR! stack     at ChildProcess.onExit (/usr/lib/node_modules/npm/node_modules/node-gyp/lib/build.js:276:23)
gyp ERR! stack     at emitTwo (events.js:106:13)
gyp ERR! stack     at ChildProcess.emit (events.js:191:7)
gyp ERR! stack     at Process.ChildProcess._handle.onexit (internal/child_process.js:219:12)
gyp ERR! System Linux 4.10.0-40-generic
gyp ERR! command "/usr/bin/node" "/usr/lib/node_modules/npm/node_modules/node-gyp/bin/node-gyp.js" "rebuild"
gyp ERR! cwd /home/roberto/sawtooth/tunafish/education/LFS171x/fabric-material/tuna-app/node_modules/pkcs11js
gyp ERR! node -v v6.12.1
gyp ERR! node-gyp -v v3.4.0
gyp ERR! not ok 